<?xml version="1.0" encoding="UTF-8"?>
<!-- Generated by org.testng.reporters.JUnitXMLReporter -->
<testsuite ignored="1" hostname="MAA125CG10224Y6" failures="1" tests="4" name="FirefoxTest" time="27.335" errors="0" timestamp="15 Apr 2026 18:24:54 GMT">
  <testcase classname="testNgBasic.TestNgAttributes1" name="signUp" time="27.147">
    <failure type="org.testng.TestException" message="
Method TestNgAttributes1.signUp(java.lang.String, java.lang.String, java.lang.String)[pri:1, instance:testNgBasic.TestNgAttributes1@1bb266b3] should have thrown an exception of type class java.util.NoSuchElementException">
      <![CDATA[org.testng.TestException: 
Method TestNgAttributes1.signUp(java.lang.String, java.lang.String, java.lang.String)[pri:1, instance:testNgBasic.TestNgAttributes1@1bb266b3] should have thrown an exception of type class java.util.NoSuchElementException
at java.base/java.util.concurrent.FutureTask.run(FutureTask.java:264)
at java.base/java.util.concurrent.ThreadPoolExecutor.runWorker(ThreadPoolExecutor.java:1136)
at java.base/java.util.concurrent.ThreadPoolExecutor$Worker.run(ThreadPoolExecutor.java:635)
at java.base/java.lang.Thread.run(Thread.java:840)
... Removed 13 stack frames]]>
    </failure>
  </testcase> <!-- signUp -->
  <testcase classname="testNgBasic.TestNgAttributes1" name="login" time="0.0">
    <skipped/>
  </testcase> <!-- login -->
  <testcase classname="testNgBasic.TestNgAttributes1" name="searchProduct" time="0.0">
    <skipped/>
  </testcase> <!-- searchProduct -->
  <testcase classname="testNgBasic.TestNgAttributes1" name="addtoCart" time="0.0">
    <skipped/>
  </testcase> <!-- addtoCart -->
  <testcase classname="testNgBasic.TestNgAttributes1" name="signOut" time="0.0">
    <ignored/>
  </testcase> <!-- signOut -->
</testsuite> <!-- FirefoxTest -->
