<?xml version="1.0" encoding="UTF-8"?>
<!-- Generated by org.testng.reporters.JUnitXMLReporter -->
<testsuite ignored="1" hostname="MAA125CG10224Y6" failures="1" tests="4" name="Test" time="0.102" errors="0" timestamp="15 Apr 2026 16:07:19 GMT">
  <testcase classname="testNgBasic.TestNgAttributes1" name="signUp" time="0.014">
    <failure type="org.testng.TestException" message="
Method TestNgAttributes1.signUp()[pri:1, instance:testNgBasic.TestNgAttributes1@1018bde2] should have thrown an exception of type class java.util.NoSuchElementException">
      <![CDATA[org.testng.TestException: 
Method TestNgAttributes1.signUp()[pri:1, instance:testNgBasic.TestNgAttributes1@1018bde2] should have thrown an exception of type class java.util.NoSuchElementException
... Removed 22 stack frames]]>
    </failure>
  </testcase> <!-- signUp -->
  <testcase classname="testNgBasic.TestNgAttributes1" name="login" time="0.0">
    <skipped/>
  </testcase> <!-- login -->
  <testcase classname="testNgBasic.TestNgAttributes1" name="searchProduct" time="0.0">
    <skipped/>
  </testcase> <!-- searchProduct -->
  <testcase classname="testNgBasic.TestNgAttributes1" name="addtoCart" time="0.0">
    <skipped/>
  </testcase> <!-- addtoCart -->
  <testcase classname="testNgBasic.TestNgAttributes1" name="signOut" time="0.0">
    <ignored/>
  </testcase> <!-- signOut -->
</testsuite> <!-- Test -->
