<?xml version="1.0" encoding="UTF-8"?>
<!-- Generated by org.testng.reporters.JUnitReportReporter -->
<testsuite hostname="MAA125CG10224Y6" failures="0" tests="3" name="testNgBasic.FindeElements" time="51.675" errors="0" timestamp="15 Apr 2026 15:30:14 GMT" skipped="0">
  <testcase classname="testNgBasic.FindeElements" name="FindElements" time="25.865"/>
  <testcase classname="testNgBasic.FindeElements" name="FindElements" time="13.772"/>
  <testcase classname="testNgBasic.FindeElements" name="FindElements" time="12.038"/>
</testsuite> <!-- testNgBasic.FindeElements -->
