<?xml version="1.0" encoding="UTF-8"?>
<!-- Generated by org.testng.reporters.JUnitReportReporter -->
<testsuite hostname="MAA125CG10224Y6" failures="0" tests="8" name="testNgBasic.TestNgAttributes1" time="39.717" errors="2" timestamp="15 Apr 2026 18:24:55 GMT" skipped="6">
  <testcase classname="testNgBasic.TestNgAttributes1" name="signUp" time="27.147">
    <error message="
Method TestNgAttributes1.signUp(java.lang.String, java.lang.String, java.lang.String)[pri:1, instance:testNgBasic.TestNgAttributes1@1bb266b3] should have thrown an exception of type class java.util.NoSuchElementException" type="org.testng.TestException">
      <![CDATA[org.testng.TestException: 
Method TestNgAttributes1.signUp(java.lang.String, java.lang.String, java.lang.String)[pri:1, instance:testNgBasic.TestNgAttributes1@1bb266b3] should have thrown an exception of type class java.util.NoSuchElementException
at org.testng.internal.ExpectedExceptionsHolder.noException(ExpectedExceptionsHolder.java:80)
at org.testng.internal.Invoker.considerExceptions(Invoker.java:1139)
at org.testng.internal.Invoker.invokeMethod(Invoker.java:612)
at org.testng.internal.Invoker.invokeTestMethod(Invoker.java:716)
at org.testng.internal.Invoker.invokeTestMethods(Invoker.java:988)
at org.testng.internal.TestMethodWorker.invokeTestMethods(TestMethodWorker.java:125)
at org.testng.internal.TestMethodWorker.run(TestMethodWorker.java:109)
at org.testng.TestRunner.privateRun(TestRunner.java:648)
at org.testng.TestRunner.run(TestRunner.java:505)
at org.testng.SuiteRunner.runTest(SuiteRunner.java:455)
at org.testng.SuiteRunner.access$000(SuiteRunner.java:40)
at org.testng.SuiteRunner$SuiteWorker.run(SuiteRunner.java:489)
at org.testng.internal.thread.ThreadUtil$1.call(ThreadUtil.java:52)
at java.base/java.util.concurrent.FutureTask.run(FutureTask.java:264)
at java.base/java.util.concurrent.ThreadPoolExecutor.runWorker(ThreadPoolExecutor.java:1136)
at java.base/java.util.concurrent.ThreadPoolExecutor$Worker.run(ThreadPoolExecutor.java:635)
at java.base/java.lang.Thread.run(Thread.java:840)
]]>
    </error>
  </testcase> <!-- signUp -->
  <testcase classname="testNgBasic.TestNgAttributes1" name="signUp" time="12.570">
    <error message="
Method TestNgAttributes1.signUp(java.lang.String, java.lang.String, java.lang.String)[pri:1, instance:testNgBasic.TestNgAttributes1@2a266d09] should have thrown an exception of type class java.util.NoSuchElementException" type="org.testng.TestException">
      <![CDATA[org.testng.TestException: 
Method TestNgAttributes1.signUp(java.lang.String, java.lang.String, java.lang.String)[pri:1, instance:testNgBasic.TestNgAttributes1@2a266d09] should have thrown an exception of type class java.util.NoSuchElementException
at org.testng.internal.ExpectedExceptionsHolder.noException(ExpectedExceptionsHolder.java:80)
at org.testng.internal.Invoker.considerExceptions(Invoker.java:1139)
at org.testng.internal.Invoker.invokeMethod(Invoker.java:612)
at org.testng.internal.Invoker.invokeTestMethod(Invoker.java:716)
at org.testng.internal.Invoker.invokeTestMethods(Invoker.java:988)
at org.testng.internal.TestMethodWorker.invokeTestMethods(TestMethodWorker.java:125)
at org.testng.internal.TestMethodWorker.run(TestMethodWorker.java:109)
at org.testng.TestRunner.privateRun(TestRunner.java:648)
at org.testng.TestRunner.run(TestRunner.java:505)
at org.testng.SuiteRunner.runTest(SuiteRunner.java:455)
at org.testng.SuiteRunner.access$000(SuiteRunner.java:40)
at org.testng.SuiteRunner$SuiteWorker.run(SuiteRunner.java:489)
at org.testng.internal.thread.ThreadUtil$1.call(ThreadUtil.java:52)
at java.base/java.util.concurrent.FutureTask.run(FutureTask.java:264)
at java.base/java.util.concurrent.ThreadPoolExecutor.runWorker(ThreadPoolExecutor.java:1136)
at java.base/java.util.concurrent.ThreadPoolExecutor$Worker.run(ThreadPoolExecutor.java:635)
at java.base/java.lang.Thread.run(Thread.java:840)
]]>
    </error>
  </testcase> <!-- signUp -->
  <testcase classname="testNgBasic.TestNgAttributes1" name="login" time="0.000">
    <skipped/>
  </testcase> <!-- login -->
  <testcase classname="testNgBasic.TestNgAttributes1" name="login" time="0.000">
    <skipped/>
  </testcase> <!-- login -->
  <testcase classname="testNgBasic.TestNgAttributes1" name="searchProduct" time="0.000">
    <skipped/>
  </testcase> <!-- searchProduct -->
  <testcase classname="testNgBasic.TestNgAttributes1" name="searchProduct" time="0.000">
    <skipped/>
  </testcase> <!-- searchProduct -->
  <testcase classname="testNgBasic.TestNgAttributes1" name="addtoCart" time="0.000">
    <skipped/>
  </testcase> <!-- addtoCart -->
  <testcase classname="testNgBasic.TestNgAttributes1" name="addtoCart" time="0.000">
    <skipped/>
  </testcase> <!-- addtoCart -->
</testsuite> <!-- testNgBasic.TestNgAttributes1 -->
